commit ecf9f56af1d1db198ac928070808a2ef860d312f
Author: William-sqrx <william@sqrx.com>
Date:   Wed Jan 8 23:19:55 2025 +0800

    test

commit 16f374cfa5fb2094ec1bc6dc19e01b0b742ef4a8
Author: William-sqrx <william@sqrx.com>
Date:   Wed Jan 8 23:17:44 2025 +0800

    add json component

commit ce7ba00da1db3f4b802a0b92dacae12d5ba96e51
Author: William-sqrx <william@sqrx.com>
Date:   Wed Jan 8 22:39:42 2025 +0800

    delete

commit 71ce384c1541340ddd73e1921d96b9e4da1afcd5
Author: William-sqrx <william@sqrx.com>
Date:   Wed Jan 8 22:36:34 2025 +0800

    delete a text

commit 84d009a9387a89cb60300d71d10e0a3a4acb53ee
Author: William-sqrx <william@sqrx.com>
Date:   Wed Jan 8 22:18:33 2025 +0800

    testing

commit 0af0d1bea1f4a5f4cbf1180d8417f16902832165
Author: William-sqrx <william@sqrx.com>
Date:   Wed Jan 8 22:06:50 2025 +0800

    some changes

commit 9751a8f33255d4c688d979c01fdeef2654edc357
Author: William-sqrx <william@sqrx.com>
Date:   Wed Jan 8 20:38:51 2025 +0800

    process data to json

commit 9eea206398dc213f95e753b5f5142e7106379c82
Author: William-sqrx <william@sqrx.com>
Date:   Wed Jan 8 23:22:46 2025 +0800

    New changes

commit 63534d55acbbecb830fac0c316d664f0eba24147
Author: Blankeeir <e1300538@u.nus.edu>
Date:   Tue Jan 7 17:24:37 2025 +0800

    update updates

commit 60778afee35d904788cd7096a80c28c49404cd2d
Author: Blankeeir <e1300538@u.nus.edu>
Date:   Mon Jan 6 23:17:30 2025 +0800

    d

commit ad7793edc1ec7c5af7f5cb5a42c9143fcd0bb439
Author: Blankeeir <e1300538@u.nus.edu>
Date:   Mon Jan 6 23:14:39 2025 +0800

    _update_

commit 04ba48fc582b996cdbe85c0948c5aab6bd90ddd2
Author: Blankeeir <e1300538@u.nus.edu>
Date:   Mon Jan 6 22:57:43 2025 +0800

    update

commit e360370fa292c2d794bce3815b2de20623eeebec
Author: Blankeeir <e1300538@u.nus.edu>
Date:   Mon Jan 6 22:36:36 2025 +0800

    update package.json

commit 432319658d96a7786173562a7bedf1b37f3d8204
Author: Blankeeir <e1300538@u.nus.edu>
Date:   Mon Jan 6 22:23:33 2025 +0800

    update

commit 383aa9448d507b9c58ba825aebaaedd2be7830df
Author: Blankeeir <e1300538@u.nus.edu>
Date:   Mon Jan 6 22:17:24 2025 +0800

    update controllers

commit 46ed1728c13f385711a05f4b604b5bdcbb6ce65f
Author: Blankeeir <e1300538@u.nus.edu>
Date:   Mon Jan 6 21:14:59 2025 +0800

    update dependecies structure

commit fd1b3bfbb3a5f43b6283f78b55e8dc92502bf9e0
Author: Blankeeir <e1300538@u.nus.edu>
Date:   Fri Jan 3 10:25:46 2025 +0800

    update dataMarketPlace smart contracts

commit 9ec6963a703aa2d5c9f5364b869210085b0bca5c
Author: Blankeeir <e1300538@u.nus.edu>
Date:   Fri Jan 3 10:25:19 2025 +0800

    udpate ignore files

commit d787443bdad46fc25d55f70c9c492992a80c8670
Author: Blankeeir <e1300538@u.nus.edu>
Date:   Fri Jan 3 09:07:01 2025 +0800

    Update deploy.js

commit 98646ca6953832ab63c691068d241bafd60e3a18
Author: Blankeeir <e1300538@u.nus.edu>
Date:   Fri Jan 3 01:04:04 2025 +0800

    Update README.md

commit 8dbfd9b49e047d3051d8f4caeb8fa80c7cab0033
Author: Blankeeir <e1300538@u.nus.edu>
Date:   Fri Jan 3 00:58:38 2025 +0800

    update readme

commit 8887353b61b319ae3e9b0fbd62a42f4b3e9d46c6
Author: Blankeeir <e1300538@u.nus.edu>
Date:   Fri Jan 3 00:53:38 2025 +0800

    update readme

commit 848697e5ae45d01b14aedf2e0269a7caa9a236ee
Author: Blankeeir <e1300538@u.nus.edu>
Date:   Fri Jan 3 00:48:46 2025 +0800

    project skeleton

commit ba3608a2d5088d782ccf1741cc2e8b9219507fb2
Author: Blankeeir <e1300538@u.nus.edu>
Date:   Thu Jan 2 23:50:52 2025 +0800

    update skeleton

commit afe2802b03a1baa93b682789abba8d510dafd95f
Author: Siyi Xu <xusiyi2005@gmail.com>
Date:   Thu Jan 2 23:02:03 2025 +0800

    Initial commit
